nohup: ignoring input

> travlr-express@0.0.0 start
> node ./bin/www

[dotenv@17.2.3] injecting env (6) from .env -- tip: 🔐 prevent building .env in docker: https://dotenvx.com/prebuild
Mongoose connected to mongodb://root:root@db:27017/travlr?authSource=admin
[0mGET / [36m304 [0m3.075 ms - -[0m
[0mGET /css/style.css [36m304 [0m5.457 ms - -[0m
[0mGET /images/logo.png [36m304 [0m4.477 ms - -[0m
[0mGET /images/sea-sound.jpg [36m304 [0m0.375 ms - -[0m
[0mGET /images/rooms.png [36m304 [0m2.277 ms - -[0m
[0mGET /images/dive-site.png [36m304 [0m2.275 ms - -[0m
[0mGET /images/food.png [36m304 [0m2.387 ms - -[0m
[0mGET /images/bg-body.jpg [36m304 [0m1.235 ms - -[0m
[0mGET /images/bg-pattern.jpg [36m304 [0m5.250 ms - -[0m
[0mGET /images/bg-navigation.png [36m304 [0m6.745 ms - -[0m
[0mGET /images/bg-menu.png [36m304 [0m3.062 ms - -[0m
[0mGET /images/bg-box.png [36m304 [0m1.078 ms - -[0m
[0mGET /images/icons.png [36m304 [0m1.191 ms - -[0m
[0mGET /images/bg-adbox.png [36m304 [0m1.334 ms - -[0m
[0mGET /images/sea-sound.jpg [36m304 [0m0.548 ms - -[0m
[0mGET /travel.html [36m304 [0m1.429 ms - -[0m
[0mGET /css/style.css [36m304 [0m1.408 ms - -[0m
[0mGET /images/logo.png [36m304 [0m1.655 ms - -[0m
[0mGET /images/reef1.jpg [36m304 [0m1.369 ms - -[0m
[0mGET /images/reef2.jpg [36m304 [0m2.690 ms - -[0m
[0mGET /images/reef3.jpg [36m304 [0m2.716 ms - -[0m
[0mGET /images/bg-body.jpg [36m304 [0m1.261 ms - -[0m
[0mGET /images/bg-pattern.jpg [36m304 [0m3.457 ms - -[0m
[0mGET /images/bg-navigation.png [36m304 [0m3.519 ms - -[0m
[0mGET /images/bg-menu.png [36m304 [0m3.630 ms - -[0m
[0mGET /images/icons.png [36m304 [0m2.654 ms - -[0m
[0mGET /images/content-box.png [36m304 [0m2.826 ms - -[0m
[0mGET /%E2%80%9Ctravel.html%22 [33m404 [0m36.614 ms - 1174[0m
[0mGET / [32m200 [0m3.742 ms - 4209[0m
[0mGET /api/v1/trips [32m200 [0m35.954 ms - 1896[0m
[0mGET / [36m304 [0m0.481 ms - -[0m
[0mGET /css/style.css [36m304 [0m0.410 ms - -[0m
[0mGET /images/logo.png [36m304 [0m2.751 ms - -[0m
[0mGET /images/sea-sound.jpg [36m304 [0m2.773 ms - -[0m
[0mGET /images/rooms.png [36m304 [0m2.589 ms - -[0m
[0mGET /images/food.png [36m304 [0m3.462 ms - -[0m
[0mGET /images/bg-adbox.png [36m304 [0m1.541 ms - -[0m
[0mGET /images/bg-menu.png [36m304 [0m1.319 ms - -[0m
[0mGET /images/bg-box.png [36m304 [0m1.410 ms - -[0m
[0mGET /images/icons.png [36m304 [0m0.562 ms - -[0m
[0mGET /images/dive-site.png [36m304 [0m1.106 ms - -[0m
[0mGET /images/bg-body.jpg [36m304 [0m2.254 ms - -[0m
[0mGET /images/bg-pattern.jpg [36m304 [0m3.707 ms - -[0m
[0mGET /images/bg-navigation.png [36m304 [0m3.669 ms - -[0m
[0mGET /images/logo.png [36m304 [0m1.382 ms - -[0m
[0mGET /travel.html [36m304 [0m1.144 ms - -[0m
[0mGET /images/reef1.jpg [36m304 [0m2.149 ms - -[0m
[0mGET /images/logo.png [36m304 [0m1.305 ms - -[0m
[0mGET /css/style.css [36m304 [0m1.369 ms - -[0m
[0mGET /images/reef2.jpg [36m304 [0m2.535 ms - -[0m
[0mGET /images/reef3.jpg [36m304 [0m2.532 ms - -[0m
[0mGET /images/content-box.png [36m304 [0m2.779 ms - -[0m
[0mGET /rooms.html [36m304 [0m1.287 ms - -[0m
[0mGET /images/logo.png [36m304 [0m3.472 ms - -[0m
[0mGET /css/style.css [36m304 [0m2.462 ms - -[0m
[0mGET /images/first-class.jpg [36m304 [0m1.453 ms - -[0m
[0mGET /images/deluxe.jpg [36m304 [0m2.510 ms - -[0m
[0mGET /images/suite.jpg [36m304 [0m2.584 ms - -[0m
[0mGET /travel.html [36m304 [0m1.346 ms - -[0m
[0mGET /css/style.css [36m304 [0m2.330 ms - -[0m
[0mGET /images/logo.png [36m304 [0m1.326 ms - -[0m
[0mGET /images/reef1.jpg [36m304 [0m1.306 ms - -[0m
[0mGET /images/reef2.jpg [36m304 [0m1.136 ms - -[0m
[0mGET /images/reef3.jpg [36m304 [0m0.934 ms - -[0m
[0mGET /api/trips [33m404 [0m2.885 ms - 1174[0m
[0mGET /api/rooms [33m404 [0m8.149 ms - 1174[0m
[0mGET /api/meals [33m404 [0m2.356 ms - 1174[0m
[0mGET /api/news [33m404 [0m6.648 ms - 1174[0m
[0mGET /api/meals [33m404 [0m6.710 ms - 1174[0m
[0mGET /api/rooms [33m404 [0m6.710 ms - 1174[0m
[0mGET /api/trips [33m404 [0m6.833 ms - 1174[0m
[0mGET /api/rooms [33m404 [0m4.762 ms - 1174[0m
[0mGET /api/rooms [33m404 [0m6.195 ms - 1174[0m
[0mGET /api/meals [33m404 [0m7.149 ms - 1174[0m
[0mGET /api/rooms [33m404 [0m5.253 ms - 1174[0m
[0mGET /api/trips [33m404 [0m2.460 ms - 1174[0m
[0mPOST /api/v1/login [32m200 [0m281.071 ms - 281[0m
[0mPOST /api/v1/login [32m200 [0m245.463 ms - 281[0m
[0mPOST /api/v1/meals [32m201 [0m24.921 ms - 189[0m
[0mPUT /api/v1/meals/XME [32m200 [0m11.521 ms - 189[0m
[0mDELETE /api/v1/meals/XME [32m200 [0m8.340 ms - 189[0m
[0mPOST /api/v1/rooms [32m201 [0m7.523 ms - 165[0m
[0mPUT /api/v1/rooms/TST [32m200 [0m6.990 ms - 165[0m
[0mDELETE /api/v1/rooms/TST [32m200 [0m5.238 ms - 165[0m
[0mPOST /api/v1/news [32m201 [0m5.499 ms - 152[0m
[0mPUT /api/v1/news/admin-test [32m200 [0m7.674 ms - 160[0m
[0mDELETE /api/v1/news/admin-test [32m200 [0m5.005 ms - 160[0m
[0mGET / [36m304 [0m0.989 ms - -[0m
[0mGET /images/logo.png [36m304 [0m2.717 ms - -[0m
[0mGET /css/style.css [36m304 [0m2.773 ms - -[0m
[0mGET /images/sea-sound.jpg [36m304 [0m1.229 ms - -[0m
[0mGET /images/rooms.png [36m304 [0m2.838 ms - -[0m
[0mGET /images/dive-site.png [36m304 [0m1.742 ms - -[0m
[0mGET /images/food.png [36m304 [0m1.375 ms - -[0m
[0mGET /images/bg-pattern.jpg [36m304 [0m1.172 ms - -[0m
[0mGET /images/bg-navigation.png [36m304 [0m2.084 ms - -[0m
[0mGET /images/bg-menu.png [36m304 [0m2.290 ms - -[0m
[0mGET /images/icons.png [36m304 [0m1.357 ms - -[0m
[0mGET /images/bg-body.jpg [36m304 [0m0.336 ms - -[0m
[0mGET /images/bg-box.png [36m304 [0m1.455 ms - -[0m
[0mGET /images/bg-adbox.png [36m304 [0m0.609 ms - -[0m
[0mGET /images/sea-sound.jpg [36m304 [0m1.335 ms - -[0m
[0mGET /travel.html [36m304 [0m1.172 ms - -[0m
[0mGET /images/reef1.jpg [36m304 [0m4.094 ms - -[0m
[0mGET /images/logo.png [36m304 [0m3.271 ms - -[0m
[0mGET /css/style.css [36m304 [0m2.124 ms - -[0m
[0mGET /images/reef2.jpg [36m304 [0m2.884 ms - -[0m
[0mGET /images/reef3.jpg [36m304 [0m4.386 ms - -[0m
[0mGET /images/bg-body.jpg [36m304 [0m4.135 ms - -[0m
[0mGET /images/bg-navigation.png [36m304 [0m2.910 ms - -[0m
[0mGET /images/bg-pattern.jpg [36m304 [0m2.486 ms - -[0m
[0mGET /images/icons.png [36m304 [0m2.487 ms - -[0m
[0mGET /images/content-box.png [36m304 [0m2.486 ms - -[0m
[0mGET /images/bg-menu.png [36m304 [0m2.617 ms - -[0m
[0mGET /rooms.html [36m304 [0m1.406 ms - -[0m
[0mGET /css/style.css [36m304 [0m4.450 ms - -[0m
[0mGET /images/first-class.jpg [36m304 [0m5.961 ms - -[0m
[0mGET /images/logo.png [36m304 [0m5.706 ms - -[0m
[0mGET /images/deluxe.jpg [36m304 [0m2.464 ms - -[0m
[0mGET /images/suite.jpg [36m304 [0m2.677 ms - -[0m
[0mGET /travel.html [36m304 [0m1.855 ms - -[0m
[0mGET /css/style.css [36m304 [0m1.261 ms - -[0m
[0mGET /images/reef1.jpg [36m304 [0m2.728 ms - -[0m
[0mGET /images/logo.png [36m304 [0m2.774 ms - -[0m
[0mGET /images/reef3.jpg [36m304 [0m2.119 ms - -[0m
[0mGET /images/reef2.jpg [36m304 [0m3.851 ms - -[0m
